-------------------------------------------------------------------------------
Test set: fr.usmb.pub.BarTest
-------------------------------------------------------------------------------
Tests run: 1, Failures: 0, Errors: 1, Skipped: 0, Time elapsed: 0.008 s <<< FAILURE! - in fr.usmb.pub.BarTest
RechercerInsensible  Time elapsed: 0.006 s  <<< ERROR!
java.lang.Error: 
Unresolved compilation problem: 
	Coca cannot be resolved to a variable

	at fr.usmb.pub.BarTest.RechercerInsensible(BarTest.java:59)

