<?xml version="1.0" encoding="UTF-8"?>
<testsuite xmlns:xsi="http://www.w3.org/2001/XMLSchema-instance" xsi:noNamespaceSchemaLocation="https://maven.apache.org/surefire/maven-surefire-plugin/xsd/surefire-test-report.xsd" name="fr.usmb.pub.BarTest" time="0.026" tests="6" errors="0" skipped="0" failures="2">
  <properties>
[...]
</properties>
  <testcase name="RechercerInsensible" classname="fr.usmb.pub.BarTest" time="0.009"/>
  <testcase name="BarSansB" classname="fr.usmb.pub.BarTest" time="0.01">
    <failure message=" NullPointerException." type="org.opentest4j.AssertionFailedError">org.opentest4j.AssertionFailedError:  NullPointerException.
	at fr.usmb.pub.BarTest.BarSansB(BarTest.java:55)
</failure>
  </testcase>
  <testcase name="ServirBoisson" classname="fr.usmb.pub.BarTest" time="0"/>
  <testcase name="AjouterBoissonChaude" classname="fr.usmb.pub.BarTest" time="0">
    <failure message="expected: &lt;true&gt; but was: &lt;false&gt;" type="org.opentest4j.AssertionFailedError"><![CDATA[org.opentest4j.AssertionFailedError: expected: <true> but was: <false>
	at fr.usmb.pub.BarTest.AjouterBoissonChaude(BarTest.java:41)
]]></failure>
  </testcase>
  <testcase name="AjouterBoissonFroide" classname="fr.usmb.pub.BarTest" time="0"/>
  <testcase name="AjouterBoissonAlcoolise" classname="fr.usmb.pub.BarTest" time="0"/>
</testsuite>