<?xml version="1.0" encoding="UTF-8"?>
<testsuite xmlns:xsi="http://www.w3.org/2001/XMLSchema-instance" xsi:noNamespaceSchemaLocation="https://maven.apache.org/surefire/maven-surefire-plugin/xsd/surefire-test-report.xsd" name="fr.usmb.pub.BarTest" time="0.007" tests="1" errors="1" skipped="0" failures="0">
  <properties>
[...]
</properties>
  <testcase name="AjouterBoissonChaude" classname="fr.usmb.pub.BarTest" time="0.005">
    <error message="Unresolved compilation problems: &#10;	Syntax error, insert &quot;enum Identifier&quot; to complete EnumHeader&#10;	Syntax error, insert &quot;EnumBody&quot; to complete EnumDeclaration&#10;" type="java.lang.Error"><![CDATA[java.lang.Error: 
Unresolved compilation problems: 
	Syntax error, insert "enum Identifier" to complete EnumHeader
	Syntax error, insert "EnumBody" to complete EnumDeclaration

	at fr.usmb.pub.BarTest.<init>(BarTest.java:56)
]]></error>
  </testcase>
</testsuite>